<?xml version="1.0" encoding="UTF-8"?>
<testsuite name="Cucumber" time="0.598" tests="1" skipped="0" failures="0" errors="0">
<testcase classname="Uber Booking Feature" name="Booking Cab KIA" time="0.07">
<system-out><![CDATA[
Given User wants to select a cab type "KIA" from uber app...................passed
When User selects car "Karens" and pick up point "Bangalore" and drop location "Hyderabad".passed
Then Driver starts the journey..............................................passed
And Driver ends the journey.................................................passed
Then User pays 1000 USD.....................................................passed
]]></system-out>
</testcase>
</testsuite>
